<?xml version="1.0" encoding="UTF-8"?>
<!-- Generated by org.testng.reporters.JUnitReportReporter -->
<testsuite hostname="DESKTOP-6VEAE9B" failures="0" tests="2" name="testingTestNg.GroupingTest2" time="0.115" errors="0" timestamp="2023-10-20T10:36:57 IST" skipped="0">
  <testcase classname="testingTestNg.GroupingTest2" name="seleniumTest" time="0.105"/>
  <testcase classname="testingTestNg.GroupingTest2" name="testngTesting" time="0.010"/>
</testsuite> <!-- testingTestNg.GroupingTest2 -->
