<?xml version="1.0" encoding="UTF-8"?>
<!-- Generated by org.testng.reporters.JUnitReportReporter -->
<testsuite hostname="DESKTOP-6VEAE9B" failures="0" tests="2" name="testingTestNg.GroupingTest1" time="0.069" errors="0" timestamp="2023-10-20T10:36:57 IST" skipped="0">
  <testcase classname="testingTestNg.GroupingTest1" name="javaTest" time="0.032"/>
  <testcase classname="testingTestNg.GroupingTest1" name="mavanTest" time="0.037"/>
</testsuite> <!-- testingTestNg.GroupingTest1 -->
