<?xml version="1.0" encoding="UTF-8"?>
<!-- Generated by org.testng.reporters.JUnitReportReporter -->
<testsuite hostname="DESKTOP-6VEAE9B" failures="0" tests="2" name="testingTestNg.ClassB" time="0.077" errors="0" timestamp="2023-10-20T10:38:52 IST" skipped="0">
  <testcase classname="testingTestNg.ClassB" name="methodFour" time="0.069"/>
  <testcase classname="testingTestNg.ClassB" name="methodThree" time="0.008"/>
</testsuite> <!-- testingTestNg.ClassB -->
