<?xml version="1.0" encoding="UTF-8"?>
<!-- Generated by org.testng.reporters.JUnitReportReporter -->
<testsuite hostname="DESKTOP-6VEAE9B" failures="0" tests="9" name="tests.MrsTest" time="76.367" errors="0" timestamp="2023-11-05T09:17:11 IST" skipped="0">
  <testcase classname="tests.MrsTest" name="loginTest" time="0.926"/>
  <testcase classname="tests.MrsTest" name="linkTest" time="5.086"/>
  <testcase classname="tests.MrsTest" name="currentUrl" time="3.082"/>
  <testcase classname="tests.MrsTest" name="clickTest" time="9.702"/>
  <testcase classname="tests.MrsTest" name="registerTest" time="3.622"/>
  <testcase classname="tests.MrsTest" name="validateDetails" time="1.153"/>
  <testcase classname="tests.MrsTest" name="birthTest" time="9.330"/>
  <testcase classname="tests.MrsTest" name="visitStart" time="17.209"/>
  <testcase classname="tests.MrsTest" name="infoLast" time="26.257"/>
</testsuite> <!-- tests.MrsTest -->
