<?xml version="1.0" encoding="UTF-8"?>
<!-- Generated by org.testng.reporters.JUnitReportReporter -->
<testsuite hostname="DESKTOP-6VEAE9B" failures="0" tests="1" name="testingTestNg.SampleTest" time="13.441" errors="0" timestamp="2023-10-26T14:36:16 IST" skipped="0">
  <testcase classname="testingTestNg.SampleTest" name="logIn" time="13.441"/>
</testsuite> <!-- testingTestNg.SampleTest -->
