<?xml version="1.0" encoding="UTF-8"?>
<!-- Generated by org.testng.reporters.JUnitReportReporter -->
<testsuite hostname="DESKTOP-6VEAE9B" failures="0" tests="2" name="testingTestNg.GroupingTest3" time="0.146" errors="0" timestamp="2023-10-20T10:36:57 IST" skipped="0">
  <testcase classname="testingTestNg.GroupingTest3" name="javaScript" time="0.074"/>
  <testcase classname="testingTestNg.GroupingTest3" name="pythonTest" time="0.072"/>
</testsuite> <!-- testingTestNg.GroupingTest3 -->
