<?xml version="1.0" encoding="UTF-8"?>
<!-- Generated by org.testng.reporters.JUnitReportReporter -->
<testsuite hostname="DESKTOP-6VEAE9B" failures="0" tests="3" name="demo.SampleDemo" time="3.157" errors="0" timestamp="2023-12-01T18:51:39 IST" skipped="0">
  <testcase classname="demo.SampleDemo" name="genderSelect" time="1.316"/>
  <testcase classname="demo.SampleDemo" name="provideName" time="0.701"/>
  <testcase classname="demo.SampleDemo" name="dropDown" time="1.140"/>
</testsuite> <!-- demo.SampleDemo -->
