<?xml version="1.0" encoding="UTF-8"?>
<!-- Generated by org.testng.reporters.JUnitReportReporter -->
<testsuite hostname="DESKTOP-6VEAE9B" failures="0" tests="4" name="testingTestNg.SecondTest" time="0.075" errors="0" timestamp="2023-10-15T04:27:01 PDT" skipped="1">
  <testcase classname="testingTestNg.SecondTest" name="kathalKondan" time="0.051"/>
  <testcase classname="testingTestNg.SecondTest" name="kushi" time="0.018"/>
  <testcase classname="testingTestNg.SecondTest" name="sachin" time="0.006"/>
  <testcase classname="testingTestNg.SecondTest" name="loveToday">
    <skipped/>
  </testcase> <!-- loveToday -->
</testsuite> <!-- testingTestNg.SecondTest -->
