<?xml version="1.0" encoding="UTF-8"?>
<!-- Generated by org.testng.reporters.JUnitReportReporter -->
<testsuite hostname="DESKTOP-6VEAE9B" failures="0" tests="1" name="tests.TestTest" time="0.063" errors="0" timestamp="2023-11-02T20:44:26 IST" skipped="0">
  <testcase classname="tests.TestTest" name="calculateAge" time="0.063"/>
</testsuite> <!-- tests.TestTest -->
