<?xml version="1.0" encoding="UTF-8"?>
<!-- Generated by org.testng.reporters.JUnitReportReporter -->
<testsuite hostname="DESKTOP-6VEAE9B" failures="0" tests="2" name="testingTestNg.ClassA" time="0.063" errors="0" timestamp="2023-10-20T10:38:52 IST" skipped="0">
  <testcase classname="testingTestNg.ClassA" name="demoOne" time="0.045"/>
  <testcase classname="testingTestNg.ClassA" name="demoTwo" time="0.018"/>
</testsuite> <!-- testingTestNg.ClassA -->
