<?xml version="1.0" encoding="UTF-8"?>
<!-- Generated by org.testng.reporters.JUnitReportReporter -->
<testsuite hostname="DESKTOP-6VEAE9B" failures="0" tests="2" name="testingTestNg.ClassC" time="0.042" errors="0" timestamp="2023-10-20T10:38:52 IST" skipped="0">
  <testcase classname="testingTestNg.ClassC" name="methodFive" time="0.033"/>
  <testcase classname="testingTestNg.ClassC" name="methodSix" time="0.009"/>
</testsuite> <!-- testingTestNg.ClassC -->
