<?xml version="1.0" encoding="UTF-8"?>
<!-- Generated by org.testng.reporters.JUnitReportReporter -->
<testsuite skipped="0" hostname="DESKTOP-6VEAE9B" name="demo.SampleDemo" tests="3" failures="0" timestamp="2023-12-01T19:02:04 IST" time="4.676" errors="0">
  <testcase name="genderSelect" time="1.625" classname="demo.SampleDemo"/>
  <system-out/>
  <testcase name="provideName" time="1.438" classname="demo.SampleDemo"/>
  <system-out/>
  <testcase name="dropDown" time="1.613" classname="demo.SampleDemo"/>
  <system-out/>
</testsuite> <!-- demo.SampleDemo -->
